<?xml version="1.0" encoding="UTF-8"?>
<!-- Generated by org.testng.reporters.JUnitReportReporter -->
<testsuite hostname="HYD6172" failures="0" tests="1" name="selFrmGen.Tests.DPTest" time="28.538" errors="0" timestamp="2024-02-17T18:52:07 IST" skipped="0">
  <testcase classname="selFrmGen.Tests.DPTest" name="DPTC03" time="28.538"/>
</testsuite> <!-- selFrmGen.Tests.DPTest -->
