<?xml version="1.0" encoding="UTF-8"?>
<!-- Generated by org.testng.reporters.JUnitReportReporter -->
<testsuite hostname="HYD6172" failures="0" tests="1" name="selFrmGen.Tests.StandardUserTests" time="13.441" errors="0" timestamp="2024-02-18T17:47:24 IST" skipped="0">
  <testcase classname="selFrmGen.Tests.StandardUserTests" name="standardUserLoginAndLogin" time="13.441"/>
</testsuite> <!-- selFrmGen.Tests.StandardUserTests -->
